********************************************************************************
DUPLICATOR-LITE PACKAGE-LOG: 28 December 2018 12:32 pm
NOTICE: Do NOT post to public sites or forums 
********************************************************************************
VERSION:	1.3.0
WORDPRESS:	4.9.9
PHP INFO:	7.2.10 | SAPI: apache2handler
SERVER:		Apache/2.4.35 (Win64) PHP/7.2.10 
PHP TIME LIMIT: (0) no time limit imposed 
PHP MAX MEMORY: 2048M (128M default) 
MEMORY STACK: 2MB 

********************************************************************************
DATABASE:
********************************************************************************
BUILD MODE:   PHP(query limit - 100)
MYSQLTIMEOUT: 5000
MYSQLDUMP:    Not Supported 
TABLES: total:13 | filtered:0 | create:13 
FILTERED: [] 
SQL CREATED: 20181228_beeldhouwenmarc_77bcec9410c2560f1146_20181228123207_database.sql 
SQL FILE SIZE: 238.19KB (243902) 
SQL FILE TIME: 2018-12-28 12:32:27 
SQL RUNTIME: 1.04 sec. 

******************************************************************************** 
ARCHIVE (ZIP): 
******************************************************************************** 
ARCHIVE DIR:  D:/wamp64/www/cms/pa 
ARCHIVE FILE: 20181228_beeldhouwenmarc_77bcec9410c2560f1146_20181228123207_archive.zip 
FILTERS: *OFF* 
DIRS:
	not set 
FILES:
	not set 
EXTS:  not set 
---------------------------------------- 
COMPRESSING 
SIZE:	50.7MB 
STATS:	Dirs 364 | Files 2,534 
SQL ADDED: 20181228_beeldhouwenmarc_77bcec9410c2560f1146_20181228123207_database.sql 
ZipArchive Object
(
    [status] => 0
    [statusSys] => 0
    [numFiles] => 2898
    [filename] => D:\wamp64\www\cms\pa\wp-snapshots\tmp\20181228_beeldhouwenmarc_77bcec9410c2560f1146_20181228123207_archive.zip
    [comment] => 
)
 
COMPRESSION RESULT: '1' 
COMPRESSED SIZE: 21.28MB 
ARCHIVE RUNTIME: 31.89 sec. 
MEMORY STACK: 4MB 
building installer 
add_extra_files1 
add_extra_files2 
add_extra_files3 
add_extra_files4 
Doing archive file check 
add_extra_files5 
add_extra_files6 
add_extra_files8 
Successfully opened zip D:/wamp64/www/cms/pa/wp-snapshots/tmp/20181228_beeldhouwenmarc_77bcec9410c2560f1146_20181228123207_archive.zip 
Adding enhanced installer files to archive using ZipArchive 
Installer files added to archive 
Added to archive 
After ziparchive close when adding installer 

******************************************************************************** 
INTEGRITY CHECKS: 
******************************************************************************** 
SQL File: 238.19KB 
Installer File: 32.65KB 
Archive File: 22.12MB  

********************************************************************************
RECORD ID:[1]
TOTAL PROCESS RUNTIME: 33.84 sec.
PEAK PHP MEMORY USED: 4MB
DONE PROCESSING => 20181228_beeldhouwenmarc 28 December 2018 12:33 pm
 
